{"contracts/examples/AgeValidator.sol":{"l":{"15":3,"16":3,"17":2,"22":3,"24":3,"25":0,"27":1,"30":3,"34":3},"path":"/Users/expede/Documents/Volunteer/FISSON/fission-codes/contracts/examples/AgeValidator.sol","s":{"1":3,"2":0,"3":3,"4":1,"5":2,"6":3,"7":3,"8":0,"9":3,"10":1,"11":3,"12":3},"b":{"1":[0,3],"2":[1,2],"3":[0,3],"4":[1,2]},"f":{"1":3,"2":3,"3":3},"fnMap":{"1":{"name":"checkAge","line":14,"loc":{"start":{"line":14,"column":4},"end":{"line":14,"column":63}}},"2":{"name":"toCode","line":21,"loc":{"start":{"line":21,"column":4},"end":{"line":21,"column":68}}},"3":{"name":"check","line":33,"loc":{"start":{"line":33,"column":4},"end":{"line":33,"column":53}}}},"statementMap":{"1":{"start":{"line":15,"column":8},"end":{"line":15,"column":51}},"2":{"start":{"line":15,"column":26},"end":{"line":15,"column":49}},"3":{"start":{"line":16,"column":8},"end":{"line":16,"column":52}},"4":{"start":{"line":16,"column":25},"end":{"line":16,"column":50}},"5":{"start":{"line":17,"column":8},"end":{"line":17,"column":27}},"6":{"start":{"line":22,"column":8},"end":{"line":22,"column":51}},"7":{"start":{"line":24,"column":8},"end":{"line":24,"column":722}},"8":{"start":{"line":25,"column":12},"end":{"line":25,"column":41}},"9":{"start":{"line":26,"column":15},"end":{"line":26,"column":819}},"10":{"start":{"line":27,"column":12},"end":{"line":27,"column":40}},"11":{"start":{"line":30,"column":8},"end":{"line":30,"column":65}},"12":{"start":{"line":34,"column":8},"end":{"line":34,"column":37}}},"branchMap":{"1":{"line":15,"type":"if","locations":[{"start":{"line":15,"column":8},"end":{"line":15,"column":8}},{"start":{"line":15,"column":8},"end":{"line":15,"column":8}}]},"2":{"line":16,"type":"if","locations":[{"start":{"line":16,"column":8},"end":{"line":16,"column":8}},{"start":{"line":16,"column":8},"end":{"line":16,"column":8}}]},"3":{"line":24,"type":"if","locations":[{"start":{"line":24,"column":8},"end":{"line":24,"column":8}},{"start":{"line":24,"column":8},"end":{"line":24,"column":8}}]},"4":{"line":26,"type":"if","locations":[{"start":{"line":26,"column":15},"end":{"line":26,"column":15}},{"start":{"line":26,"column":15},"end":{"line":26,"column":15}}]}}},"contracts/examples/FinancialValidator.sol":{"l":{"7":2,"8":1,"12":2},"path":"/Users/expede/Documents/Volunteer/FISSON/fission-codes/contracts/examples/FinancialValidator.sol","s":{"1":2,"2":1,"3":1,"4":2},"b":{"1":[1,1]},"f":{"1":2,"2":2},"fnMap":{"1":{"name":"checkBalance","line":6,"loc":{"start":{"line":6,"column":4},"end":{"line":6,"column":74}}},"2":{"name":"check","line":11,"loc":{"start":{"line":11,"column":4},"end":{"line":11,"column":56}}}},"statementMap":{"1":{"start":{"line":7,"column":8},"end":{"line":7,"column":60}},"2":{"start":{"line":7,"column":30},"end":{"line":7,"column":58}},"3":{"start":{"line":8,"column":8},"end":{"line":8,"column":36}},"4":{"start":{"line":12,"column":8},"end":{"line":12,"column":79}}},"branchMap":{"1":{"line":7,"type":"if","locations":[{"start":{"line":7,"column":8},"end":{"line":7,"column":8}},{"start":{"line":7,"column":8},"end":{"line":7,"column":8}}]}}},"contracts/examples/InsuranceValidator.sol":{"l":{"12":1,"13":1,"17":2,"18":2,"19":1,"22":1,"23":1,"24":0,"27":1},"path":"/Users/expede/Documents/Volunteer/FISSON/fission-codes/contracts/examples/InsuranceValidator.sol","s":{"1":1,"2":1,"3":2,"4":2,"5":1,"6":1,"7":1,"8":0,"9":1},"b":{"1":[1,1],"2":[0,1]},"f":{"1":1,"2":2},"fnMap":{"1":{"name":null,"line":11,"loc":{"start":{"line":11,"column":4},"end":{"line":11,"column":72}}},"2":{"name":"check","line":16,"loc":{"start":{"line":16,"column":4},"end":{"line":16,"column":75}}}},"statementMap":{"1":{"start":{"line":12,"column":8},"end":{"line":12,"column":67}},"2":{"start":{"line":13,"column":8},"end":{"line":13,"column":49}},"3":{"start":{"line":17,"column":8},"end":{"line":17,"column":73}},"4":{"start":{"line":18,"column":8},"end":{"line":18,"column":599}},"5":{"start":{"line":19,"column":12},"end":{"line":19,"column":75}},"6":{"start":{"line":22,"column":8},"end":{"line":22,"column":58}},"7":{"start":{"line":23,"column":8},"end":{"line":23,"column":803}},"8":{"start":{"line":24,"column":12},"end":{"line":24,"column":69}},"9":{"start":{"line":27,"column":8},"end":{"line":27,"column":93}}},"branchMap":{"1":{"line":18,"type":"if","locations":[{"start":{"line":18,"column":8},"end":{"line":18,"column":8}},{"start":{"line":18,"column":8},"end":{"line":18,"column":8}}]},"2":{"line":23,"type":"if","locations":[{"start":{"line":23,"column":8},"end":{"line":23,"column":8}},{"start":{"line":23,"column":8},"end":{"line":23,"column":8}}]}}},"contracts/examples/Phone.sol":{"l":{"18":8,"22":2,"23":2,"27":2,"28":2,"29":2,"30":2,"34":4,"35":2,"38":2,"39":2,"43":2,"44":1,"45":1,"46":1},"path":"/Users/expede/Documents/Volunteer/FISSON/fission-codes/contracts/examples/Phone.sol","s":{"1":8,"2":2,"3":2,"4":2,"5":2,"6":4,"7":2,"8":2,"9":2,"10":1,"11":1,"12":0,"13":1,"14":0,"15":1},"b":{"1":[2,2],"2":[1,1],"3":[0,1],"4":[0,1]},"f":{"1":8,"2":2,"3":2,"4":4,"5":2},"fnMap":{"1":{"name":"toCode","line":17,"loc":{"start":{"line":17,"column":4},"end":{"line":17,"column":58}}},"2":{"name":"addContact","line":21,"loc":{"start":{"line":21,"column":4},"end":{"line":21,"column":57}}},"3":{"name":"outgoing","line":26,"loc":{"start":{"line":26,"column":4},"end":{"line":26,"column":82}}},"4":{"name":"incoming","line":33,"loc":{"start":{"line":33,"column":4},"end":{"line":33,"column":68}}},"5":{"name":"normalize","line":42,"loc":{"start":{"line":42,"column":4},"end":{"line":42,"column":87}}}},"statementMap":{"1":{"start":{"line":18,"column":8},"end":{"line":18,"column":44}},"2":{"start":{"line":22,"column":8},"end":{"line":22,"column":28}},"3":{"start":{"line":23,"column":8},"end":{"line":23,"column":48}},"4":{"start":{"line":29,"column":8},"end":{"line":29,"column":53}},"5":{"start":{"line":30,"column":8},"end":{"line":30,"column":40}},"6":{"start":{"line":34,"column":8},"end":{"line":34,"column":874}},"7":{"start":{"line":35,"column":12},"end":{"line":35,"column":64}},"8":{"start":{"line":39,"column":8},"end":{"line":39,"column":80}},"9":{"start":{"line":43,"column":8},"end":{"line":43,"column":72}},"10":{"start":{"line":43,"column":45},"end":{"line":43,"column":70}},"11":{"start":{"line":44,"column":8},"end":{"line":44,"column":77}},"12":{"start":{"line":44,"column":48},"end":{"line":44,"column":75}},"13":{"start":{"line":45,"column":8},"end":{"line":45,"column":71}},"14":{"start":{"line":45,"column":34},"end":{"line":45,"column":69}},"15":{"start":{"line":46,"column":8},"end":{"line":46,"column":51}}},"branchMap":{"1":{"line":34,"type":"if","locations":[{"start":{"line":34,"column":8},"end":{"line":34,"column":8}},{"start":{"line":34,"column":8},"end":{"line":34,"column":8}}]},"2":{"line":43,"type":"if","locations":[{"start":{"line":43,"column":8},"end":{"line":43,"column":8}},{"start":{"line":43,"column":8},"end":{"line":43,"column":8}}]},"3":{"line":44,"type":"if","locations":[{"start":{"line":44,"column":8},"end":{"line":44,"column":8}},{"start":{"line":44,"column":8},"end":{"line":44,"column":8}}]},"4":{"line":45,"type":"if","locations":[{"start":{"line":45,"column":8},"end":{"line":45,"column":8}},{"start":{"line":45,"column":8},"end":{"line":45,"column":8}}]}}},"contracts/localization/BasicEnglishLocalization.sol":{"l":{"7":3,"8":3,"9":3,"10":3,"11":3,"12":3,"14":3,"16":3,"17":3,"18":3,"19":3,"20":3,"21":3,"23":3,"24":3,"25":3,"26":3,"27":3,"28":3,"30":3,"31":3,"32":3,"33":3,"34":3,"35":3,"37":3,"38":3,"39":3,"40":3,"41":3,"42":3,"44":3,"45":3,"46":3,"47":3,"48":3,"49":3,"51":3,"52":3,"53":3,"54":3,"55":3,"56":3,"58":3},"path":"/Users/expede/Documents/Volunteer/FISSON/fission-codes/contracts/localization/BasicEnglishLocalization.sol","s":{"1":3,"2":3,"3":3,"4":3,"5":3,"6":3,"7":3,"8":3,"9":3,"10":3,"11":3,"12":3,"13":3,"14":3,"15":3,"16":3,"17":3,"18":3,"19":3,"20":3,"21":3,"22":3,"23":3,"24":3,"25":3,"26":3,"27":3,"28":3,"29":3,"30":3,"31":3,"32":3,"33":3,"34":3,"35":3,"36":3,"37":3,"38":3,"39":3,"40":3,"41":3,"42":3,"43":3,"44":3},"b":{},"f":{"1":3},"fnMap":{"1":{"name":null,"line":6,"loc":{"start":{"line":6,"column":4},"end":{"line":6,"column":22}}}},"statementMap":{"1":{"start":{"line":7,"column":8},"end":{"line":7,"column":30}},"2":{"start":{"line":8,"column":8},"end":{"line":8,"column":30}},"3":{"start":{"line":9,"column":8},"end":{"line":9,"column":39}},"4":{"start":{"line":10,"column":8},"end":{"line":10,"column":38}},"5":{"start":{"line":11,"column":8},"end":{"line":11,"column":38}},"6":{"start":{"line":12,"column":8},"end":{"line":12,"column":30}},"7":{"start":{"line":14,"column":8},"end":{"line":14,"column":36}},"8":{"start":{"line":16,"column":8},"end":{"line":16,"column":33}},"9":{"start":{"line":17,"column":8},"end":{"line":17,"column":30}},"10":{"start":{"line":18,"column":8},"end":{"line":18,"column":43}},"11":{"start":{"line":19,"column":8},"end":{"line":19,"column":42}},"12":{"start":{"line":20,"column":8},"end":{"line":20,"column":47}},"13":{"start":{"line":21,"column":8},"end":{"line":21,"column":40}},"14":{"start":{"line":23,"column":8},"end":{"line":23,"column":32}},"15":{"start":{"line":24,"column":8},"end":{"line":24,"column":28}},"16":{"start":{"line":25,"column":8},"end":{"line":25,"column":41}},"17":{"start":{"line":26,"column":8},"end":{"line":26,"column":37}},"18":{"start":{"line":27,"column":8},"end":{"line":27,"column":45}},"19":{"start":{"line":28,"column":8},"end":{"line":28,"column":35}},"20":{"start":{"line":30,"column":8},"end":{"line":30,"column":44}},"21":{"start":{"line":31,"column":8},"end":{"line":31,"column":41}},"22":{"start":{"line":32,"column":8},"end":{"line":32,"column":33}},"23":{"start":{"line":33,"column":8},"end":{"line":33,"column":50}},"24":{"start":{"line":34,"column":8},"end":{"line":34,"column":49}},"25":{"start":{"line":35,"column":8},"end":{"line":35,"column":36}},"26":{"start":{"line":37,"column":8},"end":{"line":37,"column":34}},"27":{"start":{"line":38,"column":8},"end":{"line":38,"column":32}},"28":{"start":{"line":39,"column":8},"end":{"line":39,"column":36}},"29":{"start":{"line":40,"column":8},"end":{"line":40,"column":40}},"30":{"start":{"line":41,"column":8},"end":{"line":41,"column":56}},"31":{"start":{"line":42,"column":8},"end":{"line":42,"column":42}},"32":{"start":{"line":44,"column":8},"end":{"line":44,"column":38}},"33":{"start":{"line":45,"column":8},"end":{"line":45,"column":38}},"34":{"start":{"line":46,"column":8},"end":{"line":46,"column":29}},"35":{"start":{"line":47,"column":8},"end":{"line":47,"column":52}},"36":{"start":{"line":48,"column":8},"end":{"line":48,"column":45}},"37":{"start":{"line":49,"column":8},"end":{"line":49,"column":36}},"38":{"start":{"line":51,"column":8},"end":{"line":51,"column":40}},"39":{"start":{"line":52,"column":8},"end":{"line":52,"column":40}},"40":{"start":{"line":53,"column":8},"end":{"line":53,"column":48}},"41":{"start":{"line":54,"column":8},"end":{"line":54,"column":52}},"42":{"start":{"line":55,"column":8},"end":{"line":55,"column":48}},"43":{"start":{"line":56,"column":8},"end":{"line":56,"column":54}},"44":{"start":{"line":58,"column":8},"end":{"line":58,"column":67}}},"branchMap":{}},"contracts/localization/FissionLocalization.sol":{"l":{"9":2},"path":"/Users/expede/Documents/Volunteer/FISSON/fission-codes/contracts/localization/FissionLocalization.sol","s":{"1":2},"b":{},"f":{"1":2},"fnMap":{"1":{"name":"log","line":8,"loc":{"start":{"line":8,"column":4},"end":{"line":8,"column":36}}}},"statementMap":{"1":{"start":{"line":9,"column":8},"end":{"line":9,"column":51}}},"branchMap":{}},"contracts/Status.sol":{"l":{"56":6,"60":6,"64":8,"70":0,"74":4,"80":0,"86":0,"90":4,"96":0,"100":0,"104":0,"105":0},"path":"/Users/expede/Documents/Volunteer/FISSON/fission-codes/contracts/Status.sol","s":{"1":6,"2":6,"3":8,"4":0,"5":4,"6":0,"7":0,"8":4,"9":0,"10":0,"11":0,"12":0},"b":{"1":[0,0],"2":[0,0]},"f":{"1":6,"2":6,"3":8,"4":0,"5":4,"6":0,"7":0,"8":4,"9":0,"10":0,"11":0},"fnMap":{"1":{"name":"toCode","line":55,"loc":{"start":{"line":55,"column":4},"end":{"line":55,"column":85}}},"2":{"name":"toCode","line":59,"loc":{"start":{"line":59,"column":4},"end":{"line":59,"column":79}}},"3":{"name":"appCode","line":63,"loc":{"start":{"line":63,"column":4},"end":{"line":63,"column":67}}},"4":{"name":"categoryOf","line":69,"loc":{"start":{"line":69,"column":4},"end":{"line":69,"column":71}}},"5":{"name":"reasonOf","line":73,"loc":{"start":{"line":73,"column":4},"end":{"line":73,"column":67}}},"6":{"name":"localizeBy","line":79,"loc":{"start":{"line":79,"column":4},"end":{"line":79,"column":113}}},"7":{"name":"isFailure","line":85,"loc":{"start":{"line":85,"column":4},"end":{"line":85,"column":61}}},"8":{"name":"isOk","line":89,"loc":{"start":{"line":89,"column":4},"end":{"line":89,"column":56}}},"9":{"name":"requireOk","line":95,"loc":{"start":{"line":95,"column":4},"end":{"line":95,"column":46}}},"10":{"name":"requireOk","line":99,"loc":{"start":{"line":99,"column":4},"end":{"line":99,"column":62}}},"11":{"name":"requireOk","line":103,"loc":{"start":{"line":103,"column":4},"end":{"line":103,"column":78}}}},"statementMap":{"1":{"start":{"line":56,"column":8},"end":{"line":56,"column":53}},"2":{"start":{"line":60,"column":8},"end":{"line":60,"column":47}},"3":{"start":{"line":64,"column":8},"end":{"line":64,"column":37}},"4":{"start":{"line":70,"column":8},"end":{"line":70,"column":33}},"5":{"start":{"line":74,"column":8},"end":{"line":74,"column":38}},"6":{"start":{"line":80,"column":8},"end":{"line":80,"column":38}},"7":{"start":{"line":86,"column":8},"end":{"line":86,"column":37}},"8":{"start":{"line":90,"column":8},"end":{"line":90,"column":37}},"9":{"start":{"line":96,"column":8},"end":{"line":96,"column":29}},"10":{"start":{"line":100,"column":8},"end":{"line":100,"column":38}},"11":{"start":{"line":104,"column":8},"end":{"line":104,"column":68}},"12":{"start":{"line":105,"column":8},"end":{"line":105,"column":34}}},"branchMap":{"1":{"line":96,"type":"if","locations":[{"start":{"line":96,"column":8},"end":{"line":96,"column":8}},{"start":{"line":96,"column":8},"end":{"line":96,"column":8}}]},"2":{"line":100,"type":"if","locations":[{"start":{"line":100,"column":8},"end":{"line":100,"column":8}},{"start":{"line":100,"column":8},"end":{"line":100,"column":8}}]}}}}